#
# There is insufficient memory for the Java Runtime Environment to continue.
# Native memory allocation (mmap) failed to map 134217728 bytes for G1 virtual space
# Possible reasons:
#   The system is out of physical RAM or swap space
#   The process is running with CompressedOops enabled, and the Java Heap may be blocking the growth of the native heap
# Possible solutions:
#   Reduce memory load on the system
#   Increase physical memory or swap space
#   Check if swap backing store is full
#   Decrease Java heap size (-Xmx/-Xms)
#   Decrease number of Java threads
#   Decrease Java thread stack sizes (-Xss)
#   Set larger code cache with -XX:ReservedCodeCacheSize=
#   JVM is running with Unscaled Compressed Oops mode in which the Java heap is
#     placed in the first 4GB address space. The Java Heap base address is the
#     maximum limit for the native heap growth. Please use -XX:HeapBaseMinAddress
#     to set the Java Heap base and to place the Java Heap above 4GB virtual address.
# This output file may be truncated or incomplete.
#
#  Out of Memory Error (os_windows.cpp:3469), pid=15440, tid=7892
#
# JRE version:  (17.0+35) (build )
# Java VM: OpenJDK 64-Bit Server VM (17+35, mixed mode, sharing, tiered, compressed oops, compressed class ptrs, g1 gc, windows-amd64)
# No core dump will be written. Minidumps are not enabled by default on client versions of Windows
#

---------------  S U M M A R Y ------------

Command Line: -Dfile.encoding=Cp1252 -XX:+ShowCodeDetailsInExceptionMessages Game

Host: Intel(R) Core(TM) i7-2600 CPU @ 3.40GHz, 8 cores, 7G,  Windows 10 , 64 bit Build 19041 (10.0.19041.1202)
Time: Wed Oct 27 23:08:05 2021 Hora de Verão de GMT elapsed time: 0.013677 seconds (0d 0h 0m 0s)

---------------  T H R E A D  ---------------

Current thread (0x000001bcd12fd6d0):  JavaThread "Unknown thread" [_thread_in_vm, id=7892, stack(0x000000234e500000,0x000000234e600000)]

Stack: [0x000000234e500000,0x000000234e600000]
Native frames: (J=compiled Java code, j=interpreted, Vv=VM code, C=native code)
V  [jvm.dll+0x674afa]
V  [jvm.dll+0x82eb44]
V  [jvm.dll+0x8302ee]
V  [jvm.dll+0x830953]
V  [jvm.dll+0x245335]
V  [jvm.dll+0x671ae9]
V  [jvm.dll+0x6665b2]
V  [jvm.dll+0x303e3b]
V  [jvm.dll+0x30b376]
V  [jvm.dll+0x35b30e]
V  [jvm.dll+0x35b53f]
V  [jvm.dll+0x2dad78]
V  [jvm.dll+0x2dbce4]
V  [jvm.dll+0x8006a1]
V  [jvm.dll+0x369081]
V  [jvm.dll+0x7dfb6c]
V  [jvm.dll+0x3eb9bf]
V  [jvm.dll+0x3ed6f1]
C  [jli.dll+0x5277]
C  [ucrtbase.dll+0x21bb2]
C  [KERNEL32.DLL+0x17034]
C  [ntdll.dll+0x52651]


---------------  P R O C E S S  ---------------

Threads class SMR info:
_java_thread_list=0x00007ffb2e9a4e58, length=0, elements={
}

Java Threads: ( => current thread )

Other Threads:
  0x000001bcd133b8a0 GCTaskThread "GC Thread#0" [stack: 0x000000234e600000,0x000000234e700000] [id=15812]
  0x000001bcd134ccc0 ConcurrentGCThread "G1 Main Marker" [stack: 0x000000234e700000,0x000000234e800000] [id=14908]
  0x000001bcd134eae0 ConcurrentGCThread "G1 Conc#0" [stack: 0x000000234e800000,0x000000234e900000] [id=14628]

[error occurred during error reporting (printing all threads), id 0xc0000005, EXCEPTION_ACCESS_VIOLATION (0xc0000005) at pc=0x00007ffb2e17b7f7]

VM state: not at safepoint (not fully initialized)

VM Mutex/Monitor currently owned by a thread:  ([mutex/lock_event])
[0x000001bcd12f7fd0] Heap_lock - owner thread: 0x000001bcd12fd6d0

Heap address: 0x0000000081600000, size: 2026 MB, Compressed Oops mode: 32-bit

CDS archive(s) mapped at: [0x0000000000000000-0x0000000000000000-0x0000000000000000), size 0, SharedBaseAddress: 0x0000000800000000, ArchiveRelocationMode: 0.
Narrow klass base: 0x0000000000000000, Narrow klass shift: 0, Narrow klass range: 0x0

GC Precious Log:
<Empty>

Heap:
 garbage-first heap   total 0K, used 0K [0x0000000081600000, 0x0000000100000000)
  region size 1024K, 0 young (0K), 0 survivors (0K)

[error occurred during error reporting (printing heap information), id 0xc0000005, EXCEPTION_ACCESS_VIOLATION (0xc0000005) at pc=0x00007ffb2e55dfc9]

GC Heap History (0 events):
No events

Deoptimization events (0 events):
No events

Classes unloaded (0 events):
No events

Classes redefined (0 events):
No events

Internal exceptions (0 events):
No events

VM Operations (0 events):
No events

Events (1 events):
Event: 0.009 Loaded shared library C:\Users\danys\.p2\pool\plugins\org.eclipse.justj.openjdk.hotspot.jre.full.win32.x86_64_17.0.0.v20211012-1059\jre\bin\java.dll


Dynamic libraries:
0x00007ff649660000 - 0x00007ff64966e000 	C:\Users\danys\.p2\pool\plugins\org.eclipse.justj.openjdk.hotspot.jre.full.win32.x86_64_17.0.0.v20211012-1059\jre\bin\javaw.exe
0x00007ffb7b9f0000 - 0x00007ffb7bbe5000 	C:\WINDOWS\SYSTEM32\ntdll.dll
0x00007ffb7b800000 - 0x00007ffb7b8be000 	C:\WINDOWS\System32\KERNEL32.DLL
0x00007ffb79280000 - 0x00007ffb79549000 	C:\WINDOWS\System32\KERNELBASE.dll
0x00007ffb797e0000 - 0x00007ffb798e0000 	C:\WINDOWS\System32\ucrtbase.dll
0x00007ffb72710000 - 0x00007ffb72728000 	C:\Users\danys\.p2\pool\plugins\org.eclipse.justj.openjdk.hotspot.jre.full.win32.x86_64_17.0.0.v20211012-1059\jre\bin\jli.dll
0x00007ffb70630000 - 0x00007ffb70649000 	C:\Users\danys\.p2\pool\plugins\org.eclipse.justj.openjdk.hotspot.jre.full.win32.x86_64_17.0.0.v20211012-1059\jre\bin\VCRUNTIME140.dll
0x00007ffb79da0000 - 0x00007ffb79f41000 	C:\WINDOWS\System32\USER32.dll
0x00007ffb79250000 - 0x00007ffb79272000 	C:\WINDOWS\System32\win32u.dll
0x00007ffb6e640000 - 0x00007ffb6e8da000 	C:\WINDOWS\WinSxS\amd64_microsoft.windows.common-controls_6595b64144ccf1df_6.0.19041.1110_none_60b5254171f9507e\COMCTL32.dll
0x00007ffb7ad10000 - 0x00007ffb7ad3b000 	C:\WINDOWS\System32\GDI32.dll
0x00007ffb7a1a0000 - 0x00007ffb7a23e000 	C:\WINDOWS\System32\msvcrt.dll
0x00007ffb79110000 - 0x00007ffb7921b000 	C:\WINDOWS\System32\gdi32full.dll
0x00007ffb795a0000 - 0x00007ffb7963d000 	C:\WINDOWS\System32\msvcp_win.dll
0x00007ffb79a40000 - 0x00007ffb79a70000 	C:\WINDOWS\System32\IMM32.DLL
0x00007ffb70620000 - 0x00007ffb7062c000 	C:\Users\danys\.p2\pool\plugins\org.eclipse.justj.openjdk.hotspot.jre.full.win32.x86_64_17.0.0.v20211012-1059\jre\bin\vcruntime140_1.dll
0x00007ffb6fd70000 - 0x00007ffb6fe01000 	C:\Users\danys\.p2\pool\plugins\org.eclipse.justj.openjdk.hotspot.jre.full.win32.x86_64_17.0.0.v20211012-1059\jre\bin\msvcp140.dll
0x00007ffb2de90000 - 0x00007ffb2ead6000 	C:\Users\danys\.p2\pool\plugins\org.eclipse.justj.openjdk.hotspot.jre.full.win32.x86_64_17.0.0.v20211012-1059\jre\bin\server\jvm.dll
0x00007ffb79f50000 - 0x00007ffb79ffc000 	C:\WINDOWS\System32\ADVAPI32.dll
0x00007ffb7b760000 - 0x00007ffb7b7fb000 	C:\WINDOWS\System32\sechost.dll
0x00007ffb79c70000 - 0x00007ffb79d9a000 	C:\WINDOWS\System32\RPCRT4.dll
0x00007ffb7a070000 - 0x00007ffb7a078000 	C:\WINDOWS\System32\PSAPI.DLL
0x00007ffb611f0000 - 0x00007ffb611f9000 	C:\WINDOWS\SYSTEM32\WSOCK32.dll
0x00007ffb72240000 - 0x00007ffb7224a000 	C:\WINDOWS\SYSTEM32\VERSION.dll
0x00007ffb7b940000 - 0x00007ffb7b9ab000 	C:\WINDOWS\System32\WS2_32.dll
0x00007ffb6f360000 - 0x00007ffb6f387000 	C:\WINDOWS\SYSTEM32\WINMM.dll
0x00007ffb77030000 - 0x00007ffb77042000 	C:\WINDOWS\SYSTEM32\kernel.appcore.dll
0x00007ffb75030000 - 0x00007ffb7503a000 	C:\Users\danys\.p2\pool\plugins\org.eclipse.justj.openjdk.hotspot.jre.full.win32.x86_64_17.0.0.v20211012-1059\jre\bin\jimage.dll
0x00007ffb71fa0000 - 0x00007ffb72184000 	C:\WINDOWS\SYSTEM32\DBGHELP.DLL
0x00007ffb71f70000 - 0x00007ffb71f9c000 	C:\WINDOWS\SYSTEM32\dbgcore.DLL
0x00007ffb79750000 - 0x00007ffb797d3000 	C:\WINDOWS\System32\bcryptPrimitives.dll
0x00007ffb70730000 - 0x00007ffb70755000 	C:\Users\danys\.p2\pool\plugins\org.eclipse.justj.openjdk.hotspot.jre.full.win32.x86_64_17.0.0.v20211012-1059\jre\bin\java.dll

dbghelp: loaded successfully - version: 4.0.5 - missing functions: none
symbol engine: initialized successfully - sym options: 0x614 - pdb path: .;C:\Users\danys\.p2\pool\plugins\org.eclipse.justj.openjdk.hotspot.jre.full.win32.x86_64_17.0.0.v20211012-1059\jre\bin;C:\WINDOWS\SYSTEM32;C:\WINDOWS\WinSxS\amd64_microsoft.windows.common-controls_6595b64144ccf1df_6.0.19041.1110_none_60b5254171f9507e;C:\Users\danys\.p2\pool\plugins\org.eclipse.justj.openjdk.hotspot.jre.full.win32.x86_64_17.0.0.v20211012-1059\jre\bin\server

VM Arguments:
jvm_args: -Dfile.encoding=Cp1252 -XX:+ShowCodeDetailsInExceptionMessages 
java_command: Game
java_class_path (initial): C:\Users\danys\OneDrive\Área de Trabalho\Here_Be_Dragons\bin
Launcher Type: SUN_STANDARD

[Global flags]
     intx CICompilerCount                          = 4                                         {product} {ergonomic}
     uint ConcGCThreads                            = 2                                         {product} {ergonomic}
     uint G1ConcRefinementThreads                  = 8                                         {product} {ergonomic}
   size_t G1HeapRegionSize                         = 1048576                                   {product} {ergonomic}
    uintx GCDrainStackTargetSize                   = 64                                        {product} {ergonomic}
   size_t InitialHeapSize                          = 134217728                                 {product} {ergonomic}
   size_t MarkStackSize                            = 4194304                                   {product} {ergonomic}
   size_t MaxHeapSize                              = 2124414976                                {product} {ergonomic}
   size_t MinHeapDeltaBytes                        = 1048576                                   {product} {ergonomic}
   size_t MinHeapSize                              = 8388608                                   {product} {ergonomic}
    uintx NonNMethodCodeHeapSize                   = 5839372                                {pd product} {ergonomic}
    uintx NonProfiledCodeHeapSize                  = 122909434                              {pd product} {ergonomic}
    uintx ProfiledCodeHeapSize                     = 122909434                              {pd product} {ergonomic}
    uintx ReservedCodeCacheSize                    = 251658240                              {pd product} {ergonomic}
     bool SegmentedCodeCache                       = true                                      {product} {ergonomic}
     bool ShowCodeDetailsInExceptionMessages       = true                                   {manageable} {command line}
   size_t SoftMaxHeapSize                          = 2124414976                             {manageable} {ergonomic}
     bool UseCompressedClassPointers               = true                           {product lp64_product} {ergonomic}
     bool UseCompressedOops                        = true                           {product lp64_product} {ergonomic}
     bool UseG1GC                                  = true                                      {product} {ergonomic}
     bool UseLargePagesIndividualAllocation        = false                                  {pd product} {ergonomic}

Logging:
Log output configuration:
 #0: stdout all=warning uptime,level,tags
 #1: stderr all=off uptime,level,tags

Environment Variables:
PATH=C:/Users/danys/.p2/pool/plugins/org.eclipse.justj.openjdk.hotspot.jre.full.win32.x86_64_17.0.0.v20211012-1059/jre/bin/server;C:/Users/danys/.p2/pool/plugins/org.eclipse.justj.openjdk.hotspot.jre.full.win32.x86_64_17.0.0.v20211012-1059/jre/bin;C:\Program Files (x86)\Common Files\Oracle\Java\javapath;C:\ProgramData\Oracle\Java\javapath;C:\WINDOWS\system32;C:\WINDOWS;C:\WINDOWS\System32\Wbem;C:\WINDOWS\System32\WindowsPowerShell\v1.0\;C:\WINDOWS\System32\OpenSSH\;C:\Program Files\PuTTY\;D:\MATLAB\runtime\win64;D:\MATLAB\bin;D:\MATLAB\polyspace\bin;C:\Program Files\Git\cmd;C:\Users\danys\AppData\Local\Microsoft\WindowsApps;C:\Users\danys\AppData\Local\Programs\Microsoft VS Code\bin;C:\Users\danys\AppData\Local\GitHubDesktop\bin;C:\msys64\mingw64\bin;;C:\Users\danys\eclipse\java-2021-09\eclipse;
USERNAME=danys
OS=Windows_NT
PROCESSOR_IDENTIFIER=Intel64 Family 6 Model 42 Stepping 7, GenuineIntel



---------------  S Y S T E M  ---------------

OS:
 Windows 10 , 64 bit Build 19041 (10.0.19041.1202)
OS uptime: 1 days 8:41 hours

CPU: total 8 (initial active 8) (4 cores per cpu, 2 threads per core) family 6 model 42 stepping 7 microcode 0x2f, cx8, cmov, fxsr, ht, mmx, sse, sse2, sse3, ssse3, sse4.1, sse4.2, popcnt, tsc, tscinvbit, avx, aes, clmul, vzeroupper, clflush

Memory: 4k page, system-wide physical 8096M (573M free)
TotalPageFile size 12577M (AvailPageFile size 45M)
current process WorkingSet (physical memory assigned to process): 10M, peak: 10M
current process commit charge ("private bytes"): 60M, peak: 187M

vm_info: OpenJDK 64-Bit Server VM (17+35) for windows-amd64 JRE (17+35), built on Sep 14 2021 17:27:39 by "" with MS VC++ 16.7 (VS2019)

END.
